<?xml version="1.0" encoding="UTF-8"?>
<!-- Generated by org.testng.reporters.JUnitReportReporter -->
<testsuite skipped="0" hostname="Fatemas-MacBook-Pro.local" name="com.API.COM.Bother" tests="5" failures="0" timestamp="11 Jan 2018 03:07:46 GMT" time="8.332" errors="0">
  <testcase name="test2" time="0.046" classname="com.API.COM.Bother"/>
  <testcase name="test1" time="8.059" classname="com.API.COM.Bother"/>
  <testcase name="test4" time="0.079" classname="com.API.COM.Bother"/>
  <testcase name="testO" time="0.045" classname="com.API.COM.Bother"/>
  <testcase name="test3" time="0.103" classname="com.API.COM.Bother"/>
</testsuite> <!-- com.API.COM.Bother -->
